0 info it worked if it ends with ok
1 verbose cli [ '/usr/local/bin/node', '/usr/local/bin/npm', 'install' ]
2 info using npm@6.14.13
3 info using node@v14.17.0
4 verbose npm-session 15a4b125fd2becff
5 silly install runPreinstallTopLevelLifecycles
6 silly install loadCurrentTree
7 silly install readLocalPackageData
8 timing stage:rollbackFailedOptional Completed in 2ms
9 timing stage:runTopLevelLifecycles Completed in 1277ms
10 verbose stack Error: Failed to parse json
10 verbose stack Unexpected token , in JSON at position 938 while parsing near '...i version"
10 verbose stack     ]
10 verbose stack   },
10 verbose stack   "devDependencies...'
10 verbose stack     at parseError (/usr/local/lib/node_modules/npm/node_modules/read-package-json/read-json.js:470:11)
10 verbose stack     at parseJson (/usr/local/lib/node_modules/npm/node_modules/read-package-json/read-json.js:105:26)
10 verbose stack     at /usr/local/lib/node_modules/npm/node_modules/read-package-json/read-json.js:52:5
10 verbose stack     at /usr/local/lib/node_modules/npm/node_modules/graceful-fs/graceful-fs.js:123:16
10 verbose stack     at FSReqCallback.readFileAfterClose [as oncomplete] (internal/fs/read_file_context.js:73:3)
11 verbose cwd /Users/brunamazzaron/Downloads/projeto-final-fiap
12 verbose Darwin 21.5.0
13 verbose argv "/usr/local/bin/node" "/usr/local/bin/npm" "install"
14 verbose node v14.17.0
15 verbose npm  v6.14.13
16 error code EJSONPARSE
17 error file /Users/brunamazzaron/Downloads/projeto-final-fiap/package.json
18 error JSON.parse Failed to parse json
18 error JSON.parse Unexpected token , in JSON at position 938 while parsing near '...i version"
18 error JSON.parse     ]
18 error JSON.parse   },
18 error JSON.parse   "devDependencies...'
19 error JSON.parse Failed to parse package.json data.
19 error JSON.parse package.json must be actual JSON, not just JavaScript.
20 verbose exit [ 1, true ]
